** Matrix C (Size: 11 x 11) **
         0         0         0         0         0         0         0         0         0         0         0
         0         0         0         0         0         0         0         0         0         0         0
         0         0         4         0         0         0         0         0         0         0         0
         0         0         0         0         0         0         0         0         0         0         0
         0         0         0         0         4         0         0         0         0         0         0
         0         0         0         0         0         0         0         0         0         0         0
         0         0         0         0         0         0         6         0         0         0         0
         0         0         0         0         0         0         0         0         0         0         0
         0         0         0         0         0         0         0         0         2         0         0
         0         0         0         0         0         0         0         0         0         2         0
         0         0         0         0         0         0         0         0         0         0         2

** Matrix G (Size: 11 x 11) **
   0.33333  -0.33333         0         0         0         0         0  -1.00000         0         0         0
  -0.33333   0.33333         0         0         0         0         0         0   1.00000         0         0
         0         0   0.33333  -0.33333         0         0         0         0  -1.00000         0         0
         0         0  -0.33333   0.33333         0         0         0         0         0   1.00000         0
         0         0         0         0   0.33333  -0.33333         0         0         0  -1.00000         0
         0         0         0         0  -0.33333   0.33333         0         0         0         0   1.00000
         0         0         0         0         0         0         0         0         0         0  -1.00000
   1.00000         0         0         0         0         0         0         0         0         0         0
         0  -1.00000   1.00000         0         0         0         0         0         0         0         0
         0         0         0  -1.00000   1.00000         0         0         0         0         0         0
         0         0         0         0         0  -1.00000   1.00000         0         0         0         0

** Matrix B (Size: 11 x 1) **
(8,1)		1
 
** Matrix LT (Size: 1 x 11) **
(1,7)		1
 
** Vector X (Size: 11 x 1) **
    V(N_IN1)    V(N_1_X1)    V(N_IN2)    V(N_1_X2)    V(N_IN3)    V(N_1_X3)    V(N_OUT)    I(VIN)    I(LSEG_X1)    I(LSEG_X2)    I(LSEG_X3)

** Vector Y (Size: 1 x 1) **
    V(N_OUT)

** Vector U (Size: 1 x 1) **
    VIN